#
# There is insufficient memory for the Java Runtime Environment to continue.
# Native memory allocation (malloc) failed to allocate 1048576 bytes for AllocateHeap
# Possible reasons:
#   The system is out of physical RAM or swap space
#   In 32 bit mode, the process size limit was hit
# Possible solutions:
#   Reduce memory load on the system
#   Increase physical memory or swap space
#   Check if swap backing store is full
#   Use 64 bit Java on a 64 bit OS
#   Decrease Java heap size (-Xmx/-Xms)
#   Decrease number of Java threads
#   Decrease Java thread stack sizes (-Xss)
#   Set larger code cache with -XX:ReservedCodeCacheSize=
# This output file may be truncated or incomplete.
#
#  Out of Memory Error (memory/allocation.inline.hpp:61), pid=28092, tid=0x0000000000004840
#
# JRE version:  (8.0_131-b11) (build )
# Java VM: Java HotSpot(TM) 64-Bit Server VM (25.131-b11 mixed mode windows-amd64 compressed oops)
# Failed to write core dump. Minidumps are not enabled by default on client versions of Windows
#

---------------  T H R E A D  ---------------

Current thread (0x00000000004ff000):  JavaThread "Unknown thread" [_thread_in_vm, id=18496, stack(0x00000000024d0000,0x00000000025d0000)]

Stack: [0x00000000024d0000,0x00000000025d0000]
[error occurred during error reporting (printing stack bounds), id 0xc0000005]

Native frames: (J=compiled Java code, j=interpreted, Vv=VM code, C=native code)


---------------  P R O C E S S  ---------------

Java Threads: ( => current thread )

Other Threads:

=>0x00000000004ff000 (exited) JavaThread "Unknown thread" [_thread_in_vm, id=18496, stack(0x00000000024d0000,0x00000000025d0000)]

VM state:not at safepoint (normal execution)

VM Mutex/Monitor currently owned by a thread: None

Heap:
 PSYoungGen      total 16896K, used 296K [0x00000000ed980000, 0x00000000eec00000, 0x0000000100000000)
  eden space 14848K, 2% used [0x00000000ed980000,0x00000000ed9ca3e0,0x00000000ee800000)
  from space 2048K, 0% used [0x00000000eea00000,0x00000000eea00000,0x00000000eec00000)
  to   space 2048K, 0% used [0x00000000ee800000,0x00000000ee800000,0x00000000eea00000)
 ParOldGen       total 38400K, used 0K [0x00000000c8c00000, 0x00000000cb180000, 0x00000000ed980000)
  object space 38400K, 0% used [0x00000000c8c00000,0x00000000c8c00000,0x00000000cb180000)
 Metaspace       used 770K, capacity 4480K, committed 4480K, reserved 1056768K
  class space    used 75K, capacity 384K, committed 384K, reserved 1048576K

Card table byte_map: [0x0000000011990000,0x0000000011b50000] byte_map_base: 0x000000001134a000

Marking Bits: (ParMarkBitMap*) 0x00000000672dc720
 Begin Bits: [0x0000000012230000, 0x0000000013000000)
 End Bits:   [0x0000000013000000, 0x0000000013dd0000)

Polling page: 0x0000000000130000

CodeCache: size=245760Kb used=327Kb max_used=327Kb free=245432Kb
 bounds [0x00000000025d0000, 0x0000000002840000, 0x00000000115d0000]
 total_blobs=57 nmethods=0 adapters=38
 compilation: enabled

Compilation events (0 events):
No events

GC Heap History (0 events):
No events

Deoptimization events (0 events):
No events

Internal exceptions (0 events):
No events

Events (10 events):
Event: 0.180 loading class java/lang/Short
Event: 0.188 loading class java/lang/Short done
Event: 0.188 loading class java/lang/Integer
Event: 0.188 loading class java/lang/Integer done
Event: 0.188 loading class java/lang/Long
Event: 0.188 loading class java/lang/Long done
Event: 0.189 loading class java/lang/NullPointerException
Event: 0.189 loading class java/lang/NullPointerException done
Event: 0.189 loading class java/lang/ArithmeticException
Event: 0.189 loading class java/lang/ArithmeticException done


Dynamic libraries:
0x000000013fcf0000 - 0x000000013fd27000 	C:\Program Files\Java\jdk1.8.0_131\bin\java.exe
0x0000000077960000 - 0x0000000077b0a000 	C:\Windows\SYSTEM32\ntdll.dll
0x0000000077840000 - 0x000000007795f000 	C:\Windows\system32\kernel32.dll
0x000007fefd800000 - 0x000007fefd86a000 	C:\Windows\system32\KERNELBASE.dll
0x000007fefe1a0000 - 0x000007fefe27b000 	C:\Windows\system32\ADVAPI32.dll
0x000007fefe300000 - 0x000007fefe39f000 	C:\Windows\system32\msvcrt.dll
0x000007feff8f0000 - 0x000007feff90f000 	C:\Windows\SYSTEM32\sechost.dll
0x000007fefe070000 - 0x000007fefe19d000 	C:\Windows\system32\RPCRT4.dll
0x0000000077740000 - 0x000000007783a000 	C:\Windows\system32\USER32.dll
0x000007fefdeb0000 - 0x000007fefdf17000 	C:\Windows\system32\GDI32.dll
0x000007fefdea0000 - 0x000007fefdeae000 	C:\Windows\system32\LPK.dll
0x000007fefdfa0000 - 0x000007fefe06b000 	C:\Windows\system32\USP10.dll
0x000007fefc1c0000 - 0x000007fefc3b4000 	C:\Windows\WinSxS\amd64_microsoft.windows.common-controls_6595b64144ccf1df_6.0.7601.18837_none_fa3b1e3d17594757\COMCTL32.dll
0x000007feff870000 - 0x000007feff8e1000 	C:\Windows\system32\SHLWAPI.dll
0x000007feffc40000 - 0x000007feffc6e000 	C:\Windows\system32\IMM32.DLL
0x000007fefda10000 - 0x000007fefdb19000 	C:\Windows\system32\MSCTF.dll
0x0000000067360000 - 0x0000000067432000 	C:\Program Files\Java\jdk1.8.0_131\jre\bin\msvcr100.dll
0x0000000066ac0000 - 0x000000006735c000 	C:\Program Files\Java\jdk1.8.0_131\jre\bin\server\jvm.dll
0x000007feeb2f0000 - 0x000007feeb2f9000 	C:\Windows\system32\WSOCK32.dll
0x000007fefdbc0000 - 0x000007fefdc0d000 	C:\Windows\system32\WS2_32.dll
0x000007fefdc10000 - 0x000007fefdc18000 	C:\Windows\system32\NSI.dll
0x000007fefb5b0000 - 0x000007fefb5eb000 	C:\Windows\system32\WINMM.dll
0x000007fefc730000 - 0x000007fefc73c000 	C:\Windows\system32\VERSION.dll
0x0000000077b30000 - 0x0000000077b37000 	C:\Windows\system32\PSAPI.DLL
0x000000006b850000 - 0x000000006b85f000 	C:\Program Files\Java\jdk1.8.0_131\jre\bin\verify.dll
0x00000000682a0000 - 0x00000000682c9000 	C:\Program Files\Java\jdk1.8.0_131\jre\bin\java.dll
0x0000000068280000 - 0x0000000068296000 	C:\Program Files\Java\jdk1.8.0_131\jre\bin\zip.dll

VM Arguments:
java_command: <unknown>
java_class_path (initial): .;C:\Program Files\Java\jdk1.8.0_131\lib
Launcher Type: SUN_STANDARD

Environment Variables:
CLASSPATH=.;C:\Program Files\Java\jdk1.8.0_131\lib
PATH=C:\Program Files\Java\jdk1.8.0_131\bin;C:\ProgramData\Oracle\Java\javapath;C:\Windows\system32;C:\Windows;C:\Windows\System32\Wbem;C:\Windows\System32\WindowsPowerShell\v1.0\;C:\Program Files (x86)\Windows Kits\8.1\Windows Performance Toolkit\;C:\Program Files\Microsoft SQL Server\110\Tools\Binn\;C:\Program Files (x86)\Microsoft SDKs\TypeScript\1.0\;C:\Program Files\Microsoft SQL Server\120\DTS\Binn\;C:\Program Files\Microsoft SQL Server\Client SDK\ODBC\110\Tools\Binn\;C:\Program Files (x86)\Microsoft SQL Server\120\Tools\Binn\;C:\Program Files\Microsoft SQL Server\120\Tools\Binn\;C:\Program Files (x86)\Microsoft SQL Server\120\Tools\Binn\ManagementStudio\;C:\Program Files (x86)\Microsoft SQL Server\120\DTS\Binn\;C:\Program Files (x86)\Tesseract-OCR;;D:\³ÌÐò\Microsoft VS Code\bin;C:\Program Files (x86)\Tesseract-OCR
USERNAME=Administrator
OS=Windows_NT
PROCESSOR_IDENTIFIER=AMD64 Family 21 Model 48 Stepping 1, AuthenticAMD



---------------  S Y S T E M  ---------------

OS: Windows 7 , 64 bit Build 7601 (6.1.7601.23889)

CPU:total 4 (initial active 4) (4 cores per cpu, 1 threads per core) family 21 model 48 stepping 1, cmov, cx8, fxsr, mmx, sse, sse2, sse3, ssse3, sse4.1, sse4.2, popcnt, avx, aes, clmul, mmxext, 3dnowpref, lzcnt, sse4a, tsc, tscinvbit, tscinv, bmi1

Memory: 4k page, physical 3618932k(210588k free), swap 7764272k(11472k free)

vm_info: Java HotSpot(TM) 64-Bit Server VM (25.131-b11) for windows-amd64 JRE (1.8.0_131-b11), built on Mar 15 2017 01:23:53 by "java_re" with MS VC++ 10.0 (VS2010)

time: Mon Apr 09 20:20:16 2018
elapsed time: 0 seconds (0d 0h 0m 0s)

